

*******************************************************************************
Thu Feb 23 01:00:45 2017


FIT:    data read from "eigen_tridiagonal_error.dat" u 1:2
        format = x:z
        #datapoints = 9
        residuals are weighted equally (unit weight)

function used for fitting: f(x)
	f(x) = a*x + b + 1e-9
fitted parameters initialized with current variable values

iter      chisq       delta/lim  lambda   a             b            
   0 1.3980964989e+06   0.00e+00  2.79e+02    1.000000e+00   1.000000e+00
   6 6.0237320024e-03  -2.56e-08  2.79e-04    2.738607e-05   9.811479e-01

After 6 iterations the fit converged.
final sum of squares of residuals : 0.00602373
rel. change during last iteration : -2.55584e-13

degrees of freedom    (FIT_NDF)                        : 7
rms of residuals      (FIT_STDFIT) = sqrt(WSSR/ndf)    : 0.0293348
variance of residuals (reduced chisquare) = WSSR/ndf   : 0.000860533

Final set of parameters            Asymptotic Standard Error
=======================            ==========================
a               = 2.73861e-05      +/- 3.036e-05    (110.8%)
b               = 0.981148         +/- 0.01196      (1.219%)

correlation matrix of the fit parameters:
                a      b      
a               1.000 
b              -0.576  1.000 


*******************************************************************************
Thu Feb 23 01:03:23 2017


FIT:    data read from "eigen_tridiagonal_error.dat" u 1:2
        format = x:z
        #datapoints = 9
        residuals are weighted equally (unit weight)

function used for fitting: f(x)
	f(x) = a*x + b + 1e-9
fitted parameters initialized with current variable values

iter      chisq       delta/lim  lambda   a             b            
   0 1.3980964989e+06   0.00e+00  2.79e+02    1.000000e+00   1.000000e+00
   6 6.0237320024e-03  -2.56e-08  2.79e-04    2.738607e-05   9.811479e-01

After 6 iterations the fit converged.
final sum of squares of residuals : 0.00602373
rel. change during last iteration : -2.55584e-13

degrees of freedom    (FIT_NDF)                        : 7
rms of residuals      (FIT_STDFIT) = sqrt(WSSR/ndf)    : 0.0293348
variance of residuals (reduced chisquare) = WSSR/ndf   : 0.000860533

Final set of parameters            Asymptotic Standard Error
=======================            ==========================
a               = 2.73861e-05      +/- 3.036e-05    (110.8%)
b               = 0.981148         +/- 0.01196      (1.219%)

correlation matrix of the fit parameters:
                a      b      
a               1.000 
b              -0.576  1.000 


*******************************************************************************
Thu Feb 23 01:04:28 2017


FIT:    data read from "eigen_tridiagonal_error.dat" u 1:2
        format = x:z
        #datapoints = 9
        residuals are weighted equally (unit weight)

function used for fitting: f(x)
	f(x) = a*x + b + 1e-9
fitted parameters initialized with current variable values

iter      chisq       delta/lim  lambda   a             b            
   0 1.4021907229e+06   0.00e+00  2.79e+02    1.000000e+00   1.000000e+00
   6 6.0094879928e-03  -8.16e-05  2.79e-04   -2.691414e-05   1.891194e-02

After 6 iterations the fit converged.
final sum of squares of residuals : 0.00600949
rel. change during last iteration : -8.15529e-10

degrees of freedom    (FIT_NDF)                        : 7
rms of residuals      (FIT_STDFIT) = sqrt(WSSR/ndf)    : 0.0293001
variance of residuals (reduced chisquare) = WSSR/ndf   : 0.000858498

Final set of parameters            Asymptotic Standard Error
=======================            ==========================
a               = -2.69141e-05     +/- 3.032e-05    (112.7%)
b               = 0.0189119        +/- 0.01195      (63.19%)

correlation matrix of the fit parameters:
                a      b      
a               1.000 
b              -0.576  1.000 


*******************************************************************************
Thu Feb 23 01:05:27 2017


FIT:    data read from "eigen_tridiagonal_error.dat" u 1:2
        format = x:z
        #datapoints = 9
        residuals are weighted equally (unit weight)

function used for fitting: f(x)
	f(x) = a*x + b + 1e-9
fitted parameters initialized with current variable values

iter      chisq       delta/lim  lambda   a             b            
   0 1.4021907229e+06   0.00e+00  2.79e+02    1.000000e+00   1.000000e+00
   6 6.0094879928e-03  -8.16e-05  2.79e-04   -2.691414e-05   1.891194e-02

After 6 iterations the fit converged.
final sum of squares of residuals : 0.00600949
rel. change during last iteration : -8.15529e-10

degrees of freedom    (FIT_NDF)                        : 7
rms of residuals      (FIT_STDFIT) = sqrt(WSSR/ndf)    : 0.0293001
variance of residuals (reduced chisquare) = WSSR/ndf   : 0.000858498

Final set of parameters            Asymptotic Standard Error
=======================            ==========================
a               = -2.69141e-05     +/- 3.032e-05    (112.7%)
b               = 0.0189119        +/- 0.01195      (63.19%)

correlation matrix of the fit parameters:
                a      b      
a               1.000 
b              -0.576  1.000 


*******************************************************************************
Thu Feb 23 01:06:34 2017


FIT:    data read from "eigen_tridiagonal_error.dat" u 1:2
        format = x:z
        #datapoints = 9
        residuals are weighted equally (unit weight)

function used for fitting: f(x)
	f(x) = a*x + b + 1e-9
fitted parameters initialized with current variable values

iter      chisq       delta/lim  lambda   a             b            
   0 1.4021907229e+06   0.00e+00  2.79e+02    1.000000e+00   1.000000e+00
   6 6.0094879928e-03  -8.16e-05  2.79e-04   -2.691414e-05   1.891194e-02

After 6 iterations the fit converged.
final sum of squares of residuals : 0.00600949
rel. change during last iteration : -8.15529e-10

degrees of freedom    (FIT_NDF)                        : 7
rms of residuals      (FIT_STDFIT) = sqrt(WSSR/ndf)    : 0.0293001
variance of residuals (reduced chisquare) = WSSR/ndf   : 0.000858498

Final set of parameters            Asymptotic Standard Error
=======================            ==========================
a               = -2.69141e-05     +/- 3.032e-05    (112.7%)
b               = 0.0189119        +/- 0.01195      (63.19%)

correlation matrix of the fit parameters:
                a      b      
a               1.000 
b              -0.576  1.000 


*******************************************************************************
Thu Feb 23 01:06:47 2017


FIT:    data read from "eigen_tridiagonal_error.dat" u 1:2
        format = x:z
        #datapoints = 9
        residuals are weighted equally (unit weight)

function used for fitting: f(x)
	f(x) = a*x + b + 1e-9
fitted parameters initialized with current variable values

iter      chisq       delta/lim  lambda   a             b            
   0 1.4021907229e+06   0.00e+00  2.79e+02    1.000000e+00   1.000000e+00
   6 6.0094879928e-03  -8.16e-05  2.79e-04   -2.691414e-05   1.891194e-02

After 6 iterations the fit converged.
final sum of squares of residuals : 0.00600949
rel. change during last iteration : -8.15529e-10

degrees of freedom    (FIT_NDF)                        : 7
rms of residuals      (FIT_STDFIT) = sqrt(WSSR/ndf)    : 0.0293001
variance of residuals (reduced chisquare) = WSSR/ndf   : 0.000858498

Final set of parameters            Asymptotic Standard Error
=======================            ==========================
a               = -2.69141e-05     +/- 3.032e-05    (112.7%)
b               = 0.0189119        +/- 0.01195      (63.19%)

correlation matrix of the fit parameters:
                a      b      
a               1.000 
b              -0.576  1.000 


*******************************************************************************
Thu Feb 23 01:08:50 2017


FIT:    data read from "eigen_tridiagonal_error.dat" u 1:2
        format = x:z
        #datapoints = 9
        residuals are weighted equally (unit weight)

function used for fitting: f(x)
	f(x) = a*x + b + 1e-9
fitted parameters initialized with current variable values

iter      chisq       delta/lim  lambda   a             b            
   0 1.4021907229e+06   0.00e+00  2.79e+02    1.000000e+00   1.000000e+00
   6 6.0094879928e-03  -8.16e-05  2.79e-04   -2.691414e-05   1.891194e-02

After 6 iterations the fit converged.
final sum of squares of residuals : 0.00600949
rel. change during last iteration : -8.15529e-10

degrees of freedom    (FIT_NDF)                        : 7
rms of residuals      (FIT_STDFIT) = sqrt(WSSR/ndf)    : 0.0293001
variance of residuals (reduced chisquare) = WSSR/ndf   : 0.000858498

Final set of parameters            Asymptotic Standard Error
=======================            ==========================
a               = -2.69141e-05     +/- 3.032e-05    (112.7%)
b               = 0.0189119        +/- 0.01195      (63.19%)

correlation matrix of the fit parameters:
                a      b      
a               1.000 
b              -0.576  1.000 


*******************************************************************************
Thu Feb 23 01:10:43 2017


FIT:    data read from "eigen_tridiagonal_error.dat" u (log10($1)):(log10($2))
        format = x:z
        #datapoints = 9
        residuals are weighted equally (unit weight)

function used for fitting: f(x)
	f(x) = a*x + b + 1e-9
fitted parameters initialized with current variable values

iter      chisq       delta/lim  lambda   a             b            
   0 3.2946595204e+02   0.00e+00  1.56e+00    1.000000e+00   1.000000e+00
   4 2.3732627483e+00  -3.23e-07  1.56e-04   -1.114291e+00  -9.814734e-01

After 4 iterations the fit converged.
final sum of squares of residuals : 2.37326
rel. change during last iteration : -3.23496e-12

degrees of freedom    (FIT_NDF)                        : 7
rms of residuals      (FIT_STDFIT) = sqrt(WSSR/ndf)    : 0.582269
variance of residuals (reduced chisquare) = WSSR/ndf   : 0.339038

Final set of parameters            Asymptotic Standard Error
=======================            ==========================
a               = -1.11429         +/- 0.2497       (22.41%)
b               = -0.981473        +/- 0.491        (50.03%)

correlation matrix of the fit parameters:
                a      b      
a               1.000 
b              -0.919  1.000 


*******************************************************************************
Thu Feb 23 01:12:59 2017


FIT:    data read from "eigen_tridiagonal_error.dat" u (log10($1)):(log10($2))
        format = x:z
        #datapoints = 9
        residuals are weighted equally (unit weight)

function used for fitting: f(x)
	f(x) = a*x + b + 1e-9
fitted parameters initialized with current variable values

iter      chisq       delta/lim  lambda   a             b            
   0 3.2946595204e+02   0.00e+00  1.56e+00    1.000000e+00   1.000000e+00
   4 2.3732627483e+00  -3.23e-07  1.56e-04   -1.114291e+00  -9.814734e-01

After 4 iterations the fit converged.
final sum of squares of residuals : 2.37326
rel. change during last iteration : -3.23496e-12

degrees of freedom    (FIT_NDF)                        : 7
rms of residuals      (FIT_STDFIT) = sqrt(WSSR/ndf)    : 0.582269
variance of residuals (reduced chisquare) = WSSR/ndf   : 0.339038

Final set of parameters            Asymptotic Standard Error
=======================            ==========================
a               = -1.11429         +/- 0.2497       (22.41%)
b               = -0.981473        +/- 0.491        (50.03%)

correlation matrix of the fit parameters:
                a      b      
a               1.000 
b              -0.919  1.000 


*******************************************************************************
Thu Feb 23 01:13:45 2017


FIT:    data read from "eigen_tridiagonal_error.dat" u (log10($1)):(log10($2))
        format = x:z
        #datapoints = 9
        residuals are weighted equally (unit weight)

function used for fitting: f(x)
	f(x) = a*x + b + 1e-9
fitted parameters initialized with current variable values

iter      chisq       delta/lim  lambda   a             b            
   0 3.2946595204e+02   0.00e+00  1.56e+00    1.000000e+00   1.000000e+00
   4 2.3732627483e+00  -3.23e-07  1.56e-04   -1.114291e+00  -9.814734e-01

After 4 iterations the fit converged.
final sum of squares of residuals : 2.37326
rel. change during last iteration : -3.23496e-12

degrees of freedom    (FIT_NDF)                        : 7
rms of residuals      (FIT_STDFIT) = sqrt(WSSR/ndf)    : 0.582269
variance of residuals (reduced chisquare) = WSSR/ndf   : 0.339038

Final set of parameters            Asymptotic Standard Error
=======================            ==========================
a               = -1.11429         +/- 0.2497       (22.41%)
b               = -0.981473        +/- 0.491        (50.03%)

correlation matrix of the fit parameters:
                a      b      
a               1.000 
b              -0.919  1.000 


*******************************************************************************
Thu Feb 23 01:14:15 2017


FIT:    data read from "eigen_tridiagonal_error.dat" u (log10($1)):(log10($2))
        format = x:z
        x range restricted to [0.00000 : 90.0000]
        #datapoints = 9
        residuals are weighted equally (unit weight)

function used for fitting: f(x)
	f(x) = a*x + b + 1e-9
fitted parameters initialized with current variable values

iter      chisq       delta/lim  lambda   a             b            
   0 3.2946595204e+02   0.00e+00  1.56e+00    1.000000e+00   1.000000e+00
   4 2.3732627483e+00  -3.23e-07  1.56e-04   -1.114291e+00  -9.814734e-01

After 4 iterations the fit converged.
final sum of squares of residuals : 2.37326
rel. change during last iteration : -3.23496e-12

degrees of freedom    (FIT_NDF)                        : 7
rms of residuals      (FIT_STDFIT) = sqrt(WSSR/ndf)    : 0.582269
variance of residuals (reduced chisquare) = WSSR/ndf   : 0.339038

Final set of parameters            Asymptotic Standard Error
=======================            ==========================
a               = -1.11429         +/- 0.2497       (22.41%)
b               = -0.981473        +/- 0.491        (50.03%)

correlation matrix of the fit parameters:
                a      b      
a               1.000 
b              -0.919  1.000 


*******************************************************************************
Thu Feb 23 01:14:28 2017


FIT:    data read from "eigen_tridiagonal_error.dat" u (log10($1)):(log10($2))
        format = x:z
        x range restricted to [0.00000 : 1.95424]
        #datapoints = 5
        residuals are weighted equally (unit weight)

function used for fitting: f(x)
	f(x) = a*x + b + 1e-9
fitted parameters initialized with current variable values

iter      chisq       delta/lim  lambda   a             b            
   0 1.1654284033e+02   0.00e+00  1.15e+00    1.000000e+00   1.000000e+00
   4 5.9617193113e-02  -1.74e-04  1.15e-04   -2.376071e+00   4.574925e-01

After 4 iterations the fit converged.
final sum of squares of residuals : 0.0596172
rel. change during last iteration : -1.7433e-09

degrees of freedom    (FIT_NDF)                        : 3
rms of residuals      (FIT_STDFIT) = sqrt(WSSR/ndf)    : 0.140969
variance of residuals (reduced chisquare) = WSSR/ndf   : 0.0198724

Final set of parameters            Asymptotic Standard Error
=======================            ==========================
a               = -2.37607         +/- 0.1481       (6.232%)
b               = 0.457492         +/- 0.1891       (41.34%)

correlation matrix of the fit parameters:
                a      b      
a               1.000 
b              -0.943  1.000 


*******************************************************************************
Thu Feb 23 01:15:17 2017


FIT:    data read from "eigen_tridiagonal_error.dat" u (log10($1)):(log10($2))
        format = x:z
        x range restricted to [0.00000 : 1.95424]
        #datapoints = 5
        residuals are weighted equally (unit weight)

function used for fitting: f(x)
	f(x) = a*x + b + 1e-19
fitted parameters initialized with current variable values

iter      chisq       delta/lim  lambda   a             b            
   0 1.1654284028e+02   0.00e+00  1.15e+00    1.000000e+00   1.000000e+00
   4 5.9617193113e-02  -1.74e-04  1.15e-04   -2.376071e+00   4.574925e-01

After 4 iterations the fit converged.
final sum of squares of residuals : 0.0596172
rel. change during last iteration : -1.7433e-09

degrees of freedom    (FIT_NDF)                        : 3
rms of residuals      (FIT_STDFIT) = sqrt(WSSR/ndf)    : 0.140969
variance of residuals (reduced chisquare) = WSSR/ndf   : 0.0198724

Final set of parameters            Asymptotic Standard Error
=======================            ==========================
a               = -2.37607         +/- 0.1481       (6.232%)
b               = 0.457492         +/- 0.1891       (41.34%)

correlation matrix of the fit parameters:
                a      b      
a               1.000 
b              -0.943  1.000 


*******************************************************************************
Thu Feb 23 01:16:29 2017


FIT:    data read from "eigen_tridiagonal_error.dat" u (log10($1)):(log10($2))
        format = x:z
        x range restricted to [0.00000 : 1.95424]
        #datapoints = 7
        residuals are weighted equally (unit weight)

function used for fitting: f(x)
	f(x) = a*x + b + 1e-19
fitted parameters initialized with current variable values

iter      chisq       delta/lim  lambda   a             b            
   0 4.2285883338e+00   0.00e+00  7.45e-01    1.000000e+00   1.000000e+00
   4 1.7564515500e-02  -2.82e-05  7.45e-05    4.586339e-01   3.925520e-01

After 4 iterations the fit converged.
final sum of squares of residuals : 0.0175645
rel. change during last iteration : -2.82298e-10

degrees of freedom    (FIT_NDF)                        : 5
rms of residuals      (FIT_STDFIT) = sqrt(WSSR/ndf)    : 0.0592697
variance of residuals (reduced chisquare) = WSSR/ndf   : 0.0035129

Final set of parameters            Asymptotic Standard Error
=======================            ==========================
a               = 0.458634         +/- 0.17         (37.06%)
b               = 0.392552         +/- 0.0564       (14.37%)

correlation matrix of the fit parameters:
                a      b      
a               1.000 
b              -0.918  1.000 


*******************************************************************************
Thu Feb 23 01:17:13 2017


FIT:    data read from "eigen_tridiagonal_error.dat" u 1:2
        format = x:z
        x range restricted to [0.00000 : 1.80000]
        #datapoints = 4
        residuals are weighted equally (unit weight)

function used for fitting: f(x)
	f(x) = a*x + b + 1e-19
fitted parameters initialized with current variable values

iter      chisq       delta/lim  lambda   a             b            
   0 7.0382095985e+01   0.00e+00  1.05e+00    1.000000e+00   1.000000e+00
   4 4.2685362000e-04  -5.75e-02  1.05e-04   -2.120500e+00   2.266890e-01

After 4 iterations the fit converged.
final sum of squares of residuals : 0.000426854
rel. change during last iteration : -5.74571e-07

degrees of freedom    (FIT_NDF)                        : 2
rms of residuals      (FIT_STDFIT) = sqrt(WSSR/ndf)    : 0.0146091
variance of residuals (reduced chisquare) = WSSR/ndf   : 0.000213427

Final set of parameters            Asymptotic Standard Error
=======================            ==========================
a               = -2.1205          +/- 0.0217       (1.024%)
b               = 0.226689         +/- 0.02401      (10.59%)

correlation matrix of the fit parameters:
                a      b      
a               1.000 
b              -0.953  1.000 


*******************************************************************************
Thu Feb 23 01:17:45 2017


FIT:    data read from "eigen_tridiagonal_error.dat" u 1:2
        format = x:z
        x range restricted to [0.00000 : 1.80000]
        #datapoints = 4
        residuals are weighted equally (unit weight)

function used for fitting: f(x)
	f(x) = a*x + b + 1e-19
fitted parameters initialized with current variable values

iter      chisq       delta/lim  lambda   a             b            
   0 7.0382095985e+01   0.00e+00  1.05e+00    1.000000e+00   1.000000e+00
   4 4.2685362000e-04  -5.75e-02  1.05e-04   -2.120500e+00   2.266890e-01

After 4 iterations the fit converged.
final sum of squares of residuals : 0.000426854
rel. change during last iteration : -5.74571e-07

degrees of freedom    (FIT_NDF)                        : 2
rms of residuals      (FIT_STDFIT) = sqrt(WSSR/ndf)    : 0.0146091
variance of residuals (reduced chisquare) = WSSR/ndf   : 0.000213427

Final set of parameters            Asymptotic Standard Error
=======================            ==========================
a               = -2.1205          +/- 0.0217       (1.024%)
b               = 0.226689         +/- 0.02401      (10.59%)

correlation matrix of the fit parameters:
                a      b      
a               1.000 
b              -0.953  1.000 


*******************************************************************************
Thu Feb 23 01:18:18 2017


FIT:    data read from "eigen_tridiagonal_error.dat" u 1:2
        format = x:z
        x range restricted to [0.00000 : 1.80000]
        #datapoints = 4
        residuals are weighted equally (unit weight)

function used for fitting: f(x)
	f(x) = a*x + b + 1e-19
fitted parameters initialized with current variable values

iter      chisq       delta/lim  lambda   a             b            
   0 7.0382095985e+01   0.00e+00  1.05e+00    1.000000e+00   1.000000e+00
   4 4.2685362000e-04  -5.75e-02  1.05e-04   -2.120500e+00   2.266890e-01

After 4 iterations the fit converged.
final sum of squares of residuals : 0.000426854
rel. change during last iteration : -5.74571e-07

degrees of freedom    (FIT_NDF)                        : 2
rms of residuals      (FIT_STDFIT) = sqrt(WSSR/ndf)    : 0.0146091
variance of residuals (reduced chisquare) = WSSR/ndf   : 0.000213427

Final set of parameters            Asymptotic Standard Error
=======================            ==========================
a               = -2.1205          +/- 0.0217       (1.024%)
b               = 0.226689         +/- 0.02401      (10.59%)

correlation matrix of the fit parameters:
                a      b      
a               1.000 
b              -0.953  1.000 


*******************************************************************************
Thu Feb 23 01:18:48 2017


FIT:    data read from "eigen_tridiagonal_error.dat" u 1:2
        format = x:z
        x range restricted to [0.00000 : 1.80000]
        #datapoints = 4
        residuals are weighted equally (unit weight)

function used for fitting: f(x)
	f(x) = a*x + b + 1e-19
fitted parameters initialized with current variable values

iter      chisq       delta/lim  lambda   a             b            
   0 7.0382095985e+01   0.00e+00  1.05e+00    1.000000e+00   1.000000e+00
   4 4.2685362000e-04  -5.75e-02  1.05e-04   -2.120500e+00   2.266890e-01

After 4 iterations the fit converged.
final sum of squares of residuals : 0.000426854
rel. change during last iteration : -5.74571e-07

degrees of freedom    (FIT_NDF)                        : 2
rms of residuals      (FIT_STDFIT) = sqrt(WSSR/ndf)    : 0.0146091
variance of residuals (reduced chisquare) = WSSR/ndf   : 0.000213427

Final set of parameters            Asymptotic Standard Error
=======================            ==========================
a               = -2.1205          +/- 0.0217       (1.024%)
b               = 0.226689         +/- 0.02401      (10.59%)

correlation matrix of the fit parameters:
                a      b      
a               1.000 
b              -0.953  1.000 


*******************************************************************************
Thu Feb 23 01:19:43 2017


FIT:    data read from "eigen_tridiagonal_error.dat" u 1:2
        format = x:z
        x range restricted to [0.00000 : 1.80000]
        #datapoints = 4
        residuals are weighted equally (unit weight)

function used for fitting: f(x)
	f(x) = a*x + b + 1e-19
fitted parameters initialized with current variable values

iter      chisq       delta/lim  lambda   a             b            
   0 7.0382095985e+01   0.00e+00  1.05e+00    1.000000e+00   1.000000e+00
   4 4.2685362000e-04  -5.75e-02  1.05e-04   -2.120500e+00   2.266890e-01

After 4 iterations the fit converged.
final sum of squares of residuals : 0.000426854
rel. change during last iteration : -5.74571e-07

degrees of freedom    (FIT_NDF)                        : 2
rms of residuals      (FIT_STDFIT) = sqrt(WSSR/ndf)    : 0.0146091
variance of residuals (reduced chisquare) = WSSR/ndf   : 0.000213427

Final set of parameters            Asymptotic Standard Error
=======================            ==========================
a               = -2.1205          +/- 0.0217       (1.024%)
b               = 0.226689         +/- 0.02401      (10.59%)

correlation matrix of the fit parameters:
                a      b      
a               1.000 
b              -0.953  1.000 


*******************************************************************************
Thu Feb 23 01:28:20 2017


FIT:    data read from "eigen_tridiagonal_error.dat" u 1:2
        format = x:z
        x range restricted to [0.00000 : 1.80000]
        #datapoints = 4
        residuals are weighted equally (unit weight)

function used for fitting: f(x)
	f(x) = a*x + b + 1e-19
fitted parameters initialized with current variable values

iter      chisq       delta/lim  lambda   a             b            
   0 7.0382095985e+01   0.00e+00  1.05e+00    1.000000e+00   1.000000e+00
   4 4.2685362000e-04  -5.75e-02  1.05e-04   -2.120500e+00   2.266890e-01

After 4 iterations the fit converged.
final sum of squares of residuals : 0.000426854
rel. change during last iteration : -5.74571e-07

degrees of freedom    (FIT_NDF)                        : 2
rms of residuals      (FIT_STDFIT) = sqrt(WSSR/ndf)    : 0.0146091
variance of residuals (reduced chisquare) = WSSR/ndf   : 0.000213427

Final set of parameters            Asymptotic Standard Error
=======================            ==========================
a               = -2.1205          +/- 0.0217       (1.024%)
b               = 0.226689         +/- 0.02401      (10.59%)

correlation matrix of the fit parameters:
                a      b      
a               1.000 
b              -0.953  1.000 


*******************************************************************************
Thu Feb 23 01:28:36 2017


FIT:    data read from "eigen_tridiagonal_error.dat" u 1:2
        format = x:z
        x range restricted to [0.00000 : 1.80000]
        #datapoints = 4
        residuals are weighted equally (unit weight)

function used for fitting: f(x)
	f(x) = a*x + b + 1e-19
fitted parameters initialized with current variable values

iter      chisq       delta/lim  lambda   a             b            
   0 7.0382095985e+01   0.00e+00  1.05e+00    1.000000e+00   1.000000e+00
   4 4.2685362000e-04  -5.75e-02  1.05e-04   -2.120500e+00   2.266890e-01

After 4 iterations the fit converged.
final sum of squares of residuals : 0.000426854
rel. change during last iteration : -5.74571e-07

degrees of freedom    (FIT_NDF)                        : 2
rms of residuals      (FIT_STDFIT) = sqrt(WSSR/ndf)    : 0.0146091
variance of residuals (reduced chisquare) = WSSR/ndf   : 0.000213427

Final set of parameters            Asymptotic Standard Error
=======================            ==========================
a               = -2.1205          +/- 0.0217       (1.024%)
b               = 0.226689         +/- 0.02401      (10.59%)

correlation matrix of the fit parameters:
                a      b      
a               1.000 
b              -0.953  1.000 


*******************************************************************************
Thu Feb 23 01:29:22 2017


FIT:    data read from "eigen_tridiagonal_error.dat" u 1:2
        format = x:z
        x range restricted to [0.00000 : 1.80000]
        #datapoints = 4
        residuals are weighted equally (unit weight)

function used for fitting: f(x)
	f(x) = a*x + b + 1e-19
fitted parameters initialized with current variable values

iter      chisq       delta/lim  lambda   a             b            
   0 7.0382095985e+01   0.00e+00  1.05e+00    1.000000e+00   1.000000e+00
   4 4.2685362000e-04  -5.75e-02  1.05e-04   -2.120500e+00   2.266890e-01

After 4 iterations the fit converged.
final sum of squares of residuals : 0.000426854
rel. change during last iteration : -5.74571e-07

degrees of freedom    (FIT_NDF)                        : 2
rms of residuals      (FIT_STDFIT) = sqrt(WSSR/ndf)    : 0.0146091
variance of residuals (reduced chisquare) = WSSR/ndf   : 0.000213427

Final set of parameters            Asymptotic Standard Error
=======================            ==========================
a               = -2.1205          +/- 0.0217       (1.024%)
b               = 0.226689         +/- 0.02401      (10.59%)

correlation matrix of the fit parameters:
                a      b      
a               1.000 
b              -0.953  1.000 


*******************************************************************************
Thu Feb 23 01:29:59 2017


FIT:    data read from "eigen_tridiagonal_error.dat" u 1:2
        format = x:z
        x range restricted to [0.00000 : 1.80000]
        #datapoints = 4
        residuals are weighted equally (unit weight)

function used for fitting: f(x)
	f(x) = a*x + b + 1e-19
fitted parameters initialized with current variable values

iter      chisq       delta/lim  lambda   a             b            
   0 6.7572790902e+01   0.00e+00  1.05e+00    1.000000e+00   1.000000e+00
   4 4.1522663067e-01  -6.65e-06  1.05e-04   -7.271734e-01  -1.236284e+00

After 4 iterations the fit converged.
final sum of squares of residuals : 0.415227
rel. change during last iteration : -6.6511e-11

degrees of freedom    (FIT_NDF)                        : 2
rms of residuals      (FIT_STDFIT) = sqrt(WSSR/ndf)    : 0.455646
variance of residuals (reduced chisquare) = WSSR/ndf   : 0.207613

Final set of parameters            Asymptotic Standard Error
=======================            ==========================
a               = -0.727173        +/- 0.6769       (93.09%)
b               = -1.23628         +/- 0.7487       (60.56%)

correlation matrix of the fit parameters:
                a      b      
a               1.000 
b              -0.953  1.000 


*******************************************************************************
Thu Feb 23 01:31:06 2017


FIT:    data read from "eigen_tridiagonal_error.dat" u 1:2
        format = x:z
        x range restricted to [0.00000 : 0.800000]
BREAK: No data to fit

*******************************************************************************
Thu Feb 23 01:31:21 2017


FIT:    data read from "eigen_tridiagonal_error.dat" u 1:2
        format = x:z
        x range restricted to [0.00000 : 2.80000]
        #datapoints = 8
        residuals are weighted equally (unit weight)

function used for fitting: f(x)
	f(x) = a*x + b + 1e-19
fitted parameters initialized with current variable values

iter      chisq       delta/lim  lambda   a             b            
   0 1.8067821836e+02   0.00e+00  1.45e+00    1.000000e+00   1.000000e+00
   4 6.0892854128e-01  -7.31e-06  1.45e-04   -1.150273e-01  -1.835466e+00

After 4 iterations the fit converged.
final sum of squares of residuals : 0.608929
rel. change during last iteration : -7.30563e-11

degrees of freedom    (FIT_NDF)                        : 6
rms of residuals      (FIT_STDFIT) = sqrt(WSSR/ndf)    : 0.318572
variance of residuals (reduced chisquare) = WSSR/ndf   : 0.101488

Final set of parameters            Asymptotic Standard Error
=======================            ==========================
a               = -0.115027        +/- 0.1633       (142%)
b               = -1.83547         +/- 0.2929       (15.96%)

correlation matrix of the fit parameters:
                a      b      
a               1.000 
b              -0.923  1.000 


*******************************************************************************
Thu Feb 23 01:31:43 2017


FIT:    data read from "eigen_tridiagonal_error.dat" u 1:2
        format = x:z
        x range restricted to [0.00000 : 1.00000]
        #datapoints = 2
        residuals are weighted equally (unit weight)

function used for fitting: f(x)
	f(x) = a*x + b + 1e-19
fitted parameters initialized with current variable values

iter      chisq       delta/lim  lambda   a             b            
   0 2.6682048339e+01   0.00e+00  8.91e-01    1.000000e+00   1.000000e+00
   6 0.0000000000e+00  -inf       8.91e-07   -3.435704e+00   7.472000e-01

After 6 iterations the fit converged.
final sum of squares of residuals : 0
abs. change during last iteration : -6.31089e-30


Exactly as many data points as there are parameters.
In this degenerate case, all errors are zero by definition.

Final set of parameters 
======================= 

a               = -3.4357        
b               = 0.7472         


*******************************************************************************
Thu Feb 23 01:32:14 2017


FIT:    data read from "eigen_tridiagonal_error.dat" u 1:2
        format = x:z
        x range restricted to [0.00000 : 1.00000]
        #datapoints = 2
        residuals are weighted equally (unit weight)

function used for fitting: f(x)
	f(x) = a*x + b + 1e-19
fitted parameters initialized with current variable values

iter      chisq       delta/lim  lambda   a             b            
   0 2.6682048339e+01   0.00e+00  8.91e-01    1.000000e+00   1.000000e+00
   6 0.0000000000e+00  -inf       8.91e-07   -3.435704e+00   7.472000e-01

After 6 iterations the fit converged.
final sum of squares of residuals : 0
abs. change during last iteration : -6.31089e-30


Exactly as many data points as there are parameters.
In this degenerate case, all errors are zero by definition.

Final set of parameters 
======================= 

a               = -3.4357        
b               = 0.7472         


*******************************************************************************
Thu Feb 23 01:32:34 2017


FIT:    data read from "eigen_tridiagonal_error.dat" u 1:2
        format = x:z
        x range restricted to [0.00000 : 1.00000]
        #datapoints = 2
        residuals are weighted equally (unit weight)

function used for fitting: f(x)
	f(x) = a*x + b + 1e-19
fitted parameters initialized with current variable values

iter      chisq       delta/lim  lambda   a             b            
   0 2.6682048339e+01   0.00e+00  8.91e-01    1.000000e+00   1.000000e+00
   6 0.0000000000e+00  -inf       8.91e-07   -3.435704e+00   7.472000e-01

After 6 iterations the fit converged.
final sum of squares of residuals : 0
abs. change during last iteration : -6.31089e-30


Exactly as many data points as there are parameters.
In this degenerate case, all errors are zero by definition.

Final set of parameters 
======================= 

a               = -3.4357        
b               = 0.7472         
